[INFO] one-click startup begin...
[INFO] force mode enabled: stop then start.
[INFO] stopping sdk-runtime (PID 79264) on port 8003...
[INFO] stop signal sent to sdk-runtime.
[INFO] sdk-runtime port 8003 is closed.
[INFO] stopping tx-distributor (PID 74548) on port 6001...
[INFO] stop signal sent to tx-distributor.
ERROR: Input redirection is not supported, exiting the process immediately.
[INFO] tx-distributor port 6001 is closed.
[INFO] stopping PG13 by stoppg13.bat...
[INFO] PG13 stop command completed.
[INFO] PG13 port 5433 is closed.
[INFO] starting PG13...
waiting for server to start.... done
server started
[INFO] PG13 started on port 5433.
[INFO] PG13 is ready on port 5433.
[INFO] starting tx-distributor...
ERROR: Input redirection is not supported, exiting the process immediately.
ERROR: Input redirection is not supported, exiting the process immediately.
ERROR: Input redirection is not supported, exiting the process immediately.
ERROR: Input redirection is not supported, exiting the process immediately.
ERROR: Input redirection is not supported, exiting the process immediately.
ERROR: Input redirection is not supported, exiting the process immediately.
ERROR: Input redirection is not supported, exiting the process immediately.
ERROR: Input redirection is not supported, exiting the process immediately.
ERROR: Input redirection is not supported, exiting the process immediately.
ERROR: Input redirection is not supported, exiting the process immediately.
ERROR: Input redirection is not supported, exiting the process immediately.
ERROR: Input redirection is not supported, exiting the process immediately.
ERROR: Input redirection is not supported, exiting the process immediately.
ERROR: Input redirection is not supported, exiting the process immediately.
ERROR: Input redirection is not supported, exiting the process immediately.
ERROR: Input redirection is not supported, exiting the process immediately.
ERROR: Input redirection is not supported, exiting the process immediately.
ERROR: Input redirection is not supported, exiting the process immediately.
ERROR: Input redirection is not supported, exiting the process immediately.
ERROR: Input redirection is not supported, exiting the process immediately.
ERROR: Input redirection is not supported, exiting the process immediately.
ERROR: Input redirection is not supported, exiting the process immediately.
ERROR: Input redirection is not supported, exiting the process immediately.
ERROR: Input redirection is not supported, exiting the process immediately.
ERROR: Input redirection is not supported, exiting the process immediately.
ERROR: Input redirection is not supported, exiting the process immediately.
ERROR: Input redirection is not supported, exiting the process immediately.
ERROR: Input redirection is not supported, exiting the process immediately.
ERROR: Input redirection is not supported, exiting the process immediately.
ERROR: Input redirection is not supported, exiting the process immediately.
ERROR: Input redirection is not supported, exiting the process immediately.
ERROR: Input redirection is not supported, exiting the process immediately.
ERROR: Input redirection is not supported, exiting the process immediately.
ERROR: Input redirection is not supported, exiting the process immediately.
ERROR: Input redirection is not supported, exiting the process immediately.
ERROR: Input redirection is not supported, exiting the process immediately.
ERROR: Input redirection is not supported, exiting the process immediately.
ERROR: Input redirection is not supported, exiting the process immediately.
ERROR: Input redirection is not supported, exiting the process immediately.
ERROR: Input redirection is not supported, exiting the process immediately.
ERROR: Input redirection is not supported, exiting the process immediately.
ERROR: Input redirection is not supported, exiting the process immediately.
ERROR: Input redirection is not supported, exiting the process immediately.
ERROR: Input redirection is not supported, exiting the process immediately.
ERROR: Input redirection is not supported, exiting the process immediately.
ERROR: Input redirection is not supported, exiting the process immediately.
ERROR: Input redirection is not supported, exiting the process immediately.
ERROR: Input redirection is not supported, exiting the process immediately.
ERROR: Input redirection is not supported, exiting the process immediately.
ERROR: Input redirection is not supported, exiting the process immediately.
ERROR: Input redirection is not supported, exiting the process immediately.
ERROR: Input redirection is not supported, exiting the process immediately.
ERROR: Input redirection is not supported, exiting the process immediately.
ERROR: Input redirection is not supported, exiting the process immediately.
ERROR: Input redirection is not supported, exiting the process immediately.
ERROR: Input redirection is not supported, exiting the process immediately.
ERROR: Input redirection is not supported, exiting the process immediately.
ERROR: Input redirection is not supported, exiting the process immediately.
ERROR: Input redirection is not supported, exiting the process immediately.
ERROR: Input redirection is not supported, exiting the process immediately.
[ERROR] timeout waiting for tx-distributor on port 6001.
