Standard Commons Logging discovery in action with spring-jcl: please remove commons-logging.jar from classpath in order to avoid potential conflicts
SLF4J(W): Class path contains multiple SLF4J providers.
SLF4J(W): Found provider [ch.qos.logback.classic.spi.LogbackServiceProvider@5ccd43c2]
SLF4J(W): Found provider [org.apache.logging.slf4j.SLF4JServiceProvider@4aa8f0b4]
SLF4J(W): See https://www.slf4j.org/codes.html#multiple_bindings for an explanation.
SLF4J(I): Actual provider is of type [ch.qos.logback.classic.spi.LogbackServiceProvider@5ccd43c2]
2026-03-09T00:00:09.545+08:00  INFO 39192 --- [xdm-tx-distributor] [           main] c.h.i.r.c.SccXDMEnvironmentProcessor     : SccXDMEnvironmentProcessor onApplicationEvent start;scc.tool.path=/opt/cloud/security/scc/scc.conf
2026-03-09T00:00:09.549+08:00  WARN 39192 --- [xdm-tx-distributor] [           main] c.h.i.r.c.SccXDMEnvironmentProcessor     : SccXDMEnvironmentProcessor jasypt.encryptor.password is null

  .   ____          _            __ _ _
 /\\ / ___'_ __ _ _(_)_ __  __ _ \ \ \ \
( ( )\___ | '_ | '_| | '_ \/ _` | \ \ \ \
 \\/  ___)| |_)| | | | | || (_| |  ) ) ) )
  '  |____| .__|_| |_|_| |_\__, | / / / /
 =========|_|==============|___/=/_/_/_/

 :: Spring Boot ::                (v3.4.6)

2026-03-09T00:00:09.705+08:00  INFO 39192 --- [xdm-tx-distributor] [           main] c.h.i.x.distributor.app.DistributorApp   : Starting DistributorApp using Java 17.0.18 with PID 39192 (D:\workspace\iDME\xdm-tx-distributor\xdm-tx-distributor.jar started by BacchusX in D:\workspace\iDME\xdm-tx-distributor)
2026-03-09T00:00:09.706+08:00  INFO 39192 --- [xdm-tx-distributor] [           main] c.h.i.x.distributor.app.DistributorApp   : The following 1 profile is active: "static"
2026-03-09T00:00:09.767+08:00  INFO 39192 --- [xdm-tx-distributor] [           main] c.h.d.s.c.c.CryptoEnvironmentProcessor   : 
*************************SCCĽÓ˝âĂÜËµĂ÷*************************
×Ô¶ŻĽÓĂÜŁşÔÚĹäÖĂÎÄĽţÖĐĐčŇŞĽÓĂÜµÄ×Ö·ű´®Ç°ĚíĽÓÇ°×ş(NeedEnc),
Č»şóĆô¶Żą¤łĚĽ´żÉ×Ô¶ŻĽÓĂÜˇŁ
ĘÖ¶ŻĽÓĂÜŁş ´úÂëÖĐµ÷ÓĂCryptoHolder.getCrypto().encrypt("")
´«Čë×Ö·ű´®Ľ´żÉ·µ»ŘĽÓĂÜ˝áąű, µ÷ÓĂdecrypt()şŻĘý˝âĂÜˇŁ
×Ô¶Ż˝âĂÜŁş×Ô¶ŻĽÓĂÜşóµÄ×Ö·ű´®»áŇÔÇ°×ş(NeedDec)żŞĘĽ,ĘÖ¶ŻĽÓĂÜ
×Ö·ű´®ÔÚĚíĽÓÖÁĹäÖĂÎÄĽţÖĐĘ±ĐčŇÔ´ËÇ°×şżŞĘĽ,ĎµÍłĆô¶ŻşóĽ´»á×Ô¶Ż
˝âĂÜŇÔ´ËÇ°×şżŞĘĽµÄ×Ö·ű´®ˇŁ
ąŘ±ŐĆô¶ŻČŐÖľŁşĹäÖĂÎÄĽţÖĐĚíĽÓdevspore.security.debug=falseżÉąŘ±Ő¸Ăµ÷ĘÔČŐÖľ
±ľµŘżŞ·˘ÄŁĘ˝Łş±ľµŘżŞ·˘Ę±ĎÂĂćĘäłö˛ÎĘýÖĐµÄrunning modeĐčµČÓÚ
DevelopModeŁ¬ČôĘäłöDeployModeŁ¬żÉÔÚą¤łĚµÄżŞ·˘ĹäÖĂÎÄĽţÖĐÉč
ÖĂscc.projectPath=d:/path/projectname×Ô¶¨Ňĺą¤łĚČ«Â·ľ¶Ľ´żÉ
*************************SCCĽÓ˝âĂÜËµĂ÷*************************
******************SCC initialize start******************
running mode: DeployMode
project path: file:/D:/workspace/iDME/xdm-tx-distributor
2026-03-09T00:00:09.768+08:00  INFO 39192 --- [xdm-tx-distributor] [           main] c.h.d.s.c.c.CryptoEnvironmentProcessor   : scc tools home: /opt/cloud/security/scc/scc.conf
2026-03-09T00:00:09.768+08:00 ERROR 39192 --- [xdm-tx-distributor] [           main] c.h.d.s.c.c.CryptoEnvironmentProcessor   : Can't load library: C:\Program Files\SecComponent\lib\sc-secrypto-all.dll
2026-03-09T00:00:09.768+08:00  INFO 39192 --- [xdm-tx-distributor] [           main] c.h.d.s.c.c.CryptoEnvironmentProcessor   : 
*******************SCC initialize end*******************


2026-03-09T00:00:10.287+08:00  WARN 39192 --- [xdm-tx-distributor] [           main] c.h.d.s.ccms.CcmsEnabledCondition        : config key: devspore.security.integration.ccms.identity-file,default identity document in path: classpath:identity_document not exist, ccms client bean not create.
2026-03-09T00:00:10.806+08:00  INFO 39192 --- [xdm-tx-distributor] [           main] .s.d.r.c.RepositoryConfigurationDelegate : Multiple Spring Data modules found, entering strict repository configuration mode
2026-03-09T00:00:10.810+08:00  INFO 39192 --- [xdm-tx-distributor] [           main] .s.d.r.c.RepositoryConfigurationDelegate : Bootstrapping Spring Data Redis repositories in DEFAULT mode.
2026-03-09T00:00:10.837+08:00  INFO 39192 --- [xdm-tx-distributor] [           main] .s.d.r.c.RepositoryConfigurationDelegate : Finished Spring Data repository scanning in 8 ms. Found 0 Redis repository interfaces.
2026-03-09T00:00:11.090+08:00  INFO 39192 --- [xdm-tx-distributor] [           main] o.s.cloud.context.scope.GenericScope     : BeanFactory id=8958e288-ee62-3eac-8a9c-ccaf053f1f63
2026-03-09T00:00:11.129+08:00  INFO 39192 --- [xdm-tx-distributor] [           main] c.h.d.s.c.c.CryptoBeanPostProcessor      : decrypt in DevSporeDecryptedMap success.
2026-03-09T00:00:11.129+08:00  INFO 39192 --- [xdm-tx-distributor] [           main] ptablePropertiesBeanFactoryPostProcessor : Post-processing PropertySource instances
2026-03-09T00:00:11.131+08:00  INFO 39192 --- [xdm-tx-distributor] [           main] c.u.j.EncryptablePropertySourceConverter : Converting PropertySource DevSporeDecryptedMap [org.springframework.core.env.MapPropertySource] to EncryptableMapPropertySourceWrapper
2026-03-09T00:00:11.131+08:00  INFO 39192 --- [xdm-tx-distributor] [           main] c.u.j.EncryptablePropertySourceConverter : Skipping PropertySource configurationProperties [class org.springframework.boot.context.properties.source.ConfigurationPropertySourcesPropertySource
2026-03-09T00:00:11.131+08:00  INFO 39192 --- [xdm-tx-distributor] [           main] c.u.j.EncryptablePropertySourceConverter : Converting PropertySource gateway-properties [org.springframework.core.env.MapPropertySource] to EncryptableMapPropertySourceWrapper
2026-03-09T00:00:11.131+08:00  INFO 39192 --- [xdm-tx-distributor] [           main] c.u.j.EncryptablePropertySourceConverter : Converting PropertySource systemProperties [org.springframework.core.env.PropertiesPropertySource] to EncryptableMapPropertySourceWrapper
2026-03-09T00:00:11.131+08:00  INFO 39192 --- [xdm-tx-distributor] [           main] c.u.j.EncryptablePropertySourceConverter : Converting PropertySource systemEnvironment [org.springframework.boot.env.SystemEnvironmentPropertySourceEnvironmentPostProcessor$OriginAwareSystemEnvironmentPropertySource] to EncryptableSystemEnvironmentPropertySourceWrapper
2026-03-09T00:00:11.131+08:00  INFO 39192 --- [xdm-tx-distributor] [           main] c.u.j.EncryptablePropertySourceConverter : Converting PropertySource random [org.springframework.boot.env.RandomValuePropertySource] to EncryptablePropertySourceWrapper
2026-03-09T00:00:11.132+08:00  INFO 39192 --- [xdm-tx-distributor] [           main] c.u.j.EncryptablePropertySourceConverter : Converting PropertySource cachedrandom [org.springframework.cloud.util.random.CachedRandomPropertySource] to EncryptablePropertySourceWrapper
2026-03-09T00:00:11.132+08:00  INFO 39192 --- [xdm-tx-distributor] [           main] c.u.j.EncryptablePropertySourceConverter : Converting PropertySource Config resource 'file [application.properties]' via location 'optional:file:./' [org.springframework.boot.env.OriginTrackedMapPropertySource] to EncryptableMapPropertySourceWrapper
2026-03-09T00:00:11.132+08:00  INFO 39192 --- [xdm-tx-distributor] [           main] c.u.j.EncryptablePropertySourceConverter : Converting PropertySource Config resource 'class path resource [application.yml]' via location 'optional:classpath:/' [org.springframework.boot.env.OriginTrackedMapPropertySource] to EncryptableMapPropertySourceWrapper
2026-03-09T00:00:11.132+08:00  INFO 39192 --- [xdm-tx-distributor] [           main] c.u.j.EncryptablePropertySourceConverter : Converting PropertySource springCloudClientHostInfo [org.springframework.core.env.MapPropertySource] to EncryptableMapPropertySourceWrapper
2026-03-09T00:00:11.132+08:00  INFO 39192 --- [xdm-tx-distributor] [           main] c.u.j.EncryptablePropertySourceConverter : Converting PropertySource applicationInfo [org.springframework.boot.ApplicationInfoPropertySource] to EncryptableMapPropertySourceWrapper
2026-03-09T00:00:11.201+08:00  WARN 39192 --- [xdm-tx-distributor] [           main] trationDelegate$BeanPostProcessorChecker : Bean 'com.huaweicloud.devspore.security.commons.logging.LogMsgProcessor' of type [com.huaweicloud.devspore.security.commons.logging.LogMsgProcessor] is not eligible for getting processed by all BeanPostProcessors (for example: not eligible for auto-proxying). Is this bean getting eagerly injected/applied to a currently created BeanPostProcessor [com.huaweicloud.devspore.security.commons.logging.logback.DevsporeSecurityLogbackBeanPostProcessor]? Check the corresponding BeanPostProcessor declaration and its dependencies/advisors. If this bean does not have to be post-processed, declare it with ROLE_INFRASTRUCTURE.
2026-03-09T00:00:11.222+08:00  WARN 39192 --- [xdm-tx-distributor] [           main] trationDelegate$BeanPostProcessorChecker : Bean 'com.huaweicloud.devspore.security.commons.logging.logback.LoggingInspectorImpl' of type [com.huaweicloud.devspore.security.commons.logging.logback.LoggingInspectorImpl] is not eligible for getting processed by all BeanPostProcessors (for example: not eligible for auto-proxying). Is this bean getting eagerly injected/applied to a currently created BeanPostProcessor [com.huaweicloud.devspore.security.commons.logging.logback.DevsporeSecurityLogbackBeanPostProcessor]? Check the corresponding BeanPostProcessor dec********************endenc********************s bean does not have to be post-processed, dec********************FRASTRUCTURE.
2026-03-09T00:00:11.471+08:00  INFO 39192 --- [xdm-tx-distributor] [           main] c.u.j.filter.DefaultLazyPropertyFilter   : Property Filter custom Bean not found with name 'encrypt******************** Initializing Default Property Filter
2026-03-09T00:00:11.479+08:00  INFO 39192 --- [xdm-tx-distributor] [           main] c.u.j.r.DefaultLazyPropertyResolver      : Property Resolver custom Bean not found with name 'encrypt********************'. Initializing Default Property Resolver
2026-03-09T00:00:11.483+08:00  INFO 39192 --- [xdm-tx-distributor] [           main] c.u.j.d.DefaultLazyPropertyDetector      : Property Detector custom Bean not found with name 'encrypt********************'. Initializing Default Property Detector
2026-03-09T00:00:11.882+08:00  INFO 39192 --- [xdm-tx-distributor] [           main] org.redisson.Version                     : Redisson 3.45.1
2026-03-09T00:00:12.284+08:00  INFO 39192 --- [xdm-tx-distributor] [isson-netty-3-4] o.redisson.connection.ConnectionsHolder  : 1 connections initialized for ******/******:6379
2026-03-09T00:00:12.344+08:00  INFO 39192 --- [xdm-tx-distributor] [sson-netty-3-19] o.redisson.connection.ConnectionsHolder  : 24 connections initialized for ******/******:6379
2026-03-09T00:00:13.668+08:00  INFO 39192 --- [xdm-tx-distributor] [           main] o.s.c.g.r.RouteDefinitionRouteLocator    : Loaded RoutePredicateFactory [After]
2026-03-09T00:00:13.668+08:00  INFO 39192 --- [xdm-tx-distributor] [           main] o.s.c.g.r.RouteDefinitionRouteLocator    : Loaded RoutePredicateFactory [Before]
2026-03-09T00:00:13.669+08:00  INFO 39192 --- [xdm-tx-distributor] [           main] o.s.c.g.r.RouteDefinitionRouteLocator    : Loaded RoutePredicateFactory [Between]
2026-03-09T00:00:13.669+08:00  INFO 39192 --- [xdm-tx-distributor] [           main] o.s.c.g.r.RouteDefinitionRouteLocator    : Loaded RoutePredicateFactory [Cookie]
2026-03-09T00:00:13.669+08:00  INFO 39192 --- [xdm-tx-distributor] [           main] o.s.c.g.r.RouteDefinitionRouteLocator    : Loaded RoutePredicateFactory [Header]
2026-03-09T00:00:13.669+08:00  INFO 39192 --- [xdm-tx-distributor] [           main] o.s.c.g.r.RouteDefinitionRouteLocator    : Loaded RoutePredicateFactory [Host]
2026-03-09T00:00:13.669+08:00  INFO 39192 --- [xdm-tx-distributor] [           main] o.s.c.g.r.RouteDefinitionRouteLocator    : Loaded RoutePredicateFactory [Method]
2026-03-09T00:00:13.669+08:00  INFO 39192 --- [xdm-tx-distributor] [           main] o.s.c.g.r.RouteDefinitionRouteLocator    : Loaded RoutePredicateFactory [Path]
2026-03-09T00:00:13.669+08:00  INFO 39192 --- [xdm-tx-distributor] [           main] o.s.c.g.r.RouteDefinitionRouteLocator    : Loaded RoutePredicateFactory [Query]
2026-03-09T00:00:13.670+08:00  INFO 39192 --- [xdm-tx-distributor] [           main] o.s.c.g.r.RouteDefinitionRouteLocator    : Loaded RoutePredicateFactory [ReadBody]
2026-03-09T00:00:13.670+08:00  INFO 39192 --- [xdm-tx-distributor] [           main] o.s.c.g.r.RouteDefinitionRouteLocator    : Loaded RoutePredicateFactory [RemoteAddr]
2026-03-09T00:00:13.670+08:00  INFO 39192 --- [xdm-tx-distributor] [           main] o.s.c.g.r.RouteDefinitionRouteLocator    : Loaded RoutePredicateFactory [XForwardedRemoteAddr]
2026-03-09T00:00:13.670+08:00  INFO 39192 --- [xdm-tx-distributor] [           main] o.s.c.g.r.RouteDefinitionRouteLocator    : Loaded RoutePredicateFactory [Weight]
2026-03-09T00:00:13.670+08:00  INFO 39192 --- [xdm-tx-distributor] [           main] o.s.c.g.r.RouteDefinitionRouteLocator    : Loaded RoutePredicateFactory [CloudFoundryRouteService]
2026-03-09T00:00:14.689+08:00  INFO 39192 --- [xdm-tx-distributor] [           main] ctiveUserDetailsServiceAutoConfiguration : \r\n\r\nUsing generated security password********************-8e19-ec7b4fd4abfd\r\n
2026-03-09T00:00:14.972+08:00  INFO 39192 --- [xdm-tx-distributor] [           main] reactor.netty.http.HttpResources         : =================HttpResources init, ignore udp port========================================
2026-03-09T00:00:15.037+08:00  INFO 39192 --- [xdm-tx-distributor] [           main] o.s.b.web.embedded.netty.NettyWebServer  : Netty started on port 6001 (http)
2026-03-09T00:00:15.475+08:00  INFO 39192 --- [xdm-tx-distributor] [           main] c.h.i.x.distributor.app.DistributorApp   : Started DistributorApp in 6.565 seconds (process running for 7.369)
2026-03-09T00:15:19.295+08:00  INFO 39192 --- [xdm-tx-distributor] [    metrics-7-1] metrics_logger                           : [status] [operation] [stage] [requests/cycle/tps] [average] [0, 10) [10,20) [20,50) [50,100) [100,500) [500,2000) [2000,60000) \n
2026-03-09T00:30:19.301+08:00  INFO 39192 --- [xdm-tx-distributor] [    metrics-7-1] metrics_logger                           : [status] [operation] [stage] [requests/cycle/tps] [average] [0, 10) [10,20) [20,50) [50,100) [100,500) [500,2000) [2000,60000) \n
2026-03-09T13:01:31.710+08:00  INFO 39192 --- [xdm-tx-distributor] [    metrics-7-1] metrics_logger                           : [status] [operation] [stage] [requests/cycle/tps] [average] [0, 10) [10,20) [20,50) [50,100) [100,500) [500,2000) [2000,60000) \n
2026-03-09T13:16:31.721+08:00  INFO 39192 --- [xdm-tx-distributor] [    metrics-7-1] metrics_logger                           : [status] [operation] [stage] [requests/cycle/tps] [average] [0, 10) [10,20) [20,50) [50,100) [100,500) [500,2000) [2000,60000) \n
